p/object_171.jpg 1 0 0 128 61
p/object_170.jpg 1 0 0 128 61
p/object_169.jpg 1 0 0 128 61
p/object_168.jpg 1 0 0 128 61
p/object_167.jpg 1 0 0 128 61
p/object_166.jpg 1 0 0 128 61
p/object_165.jpg 1 0 0 128 61
p/object_164.jpg 1 0 0 128 61
p/object_163.jpg 1 0 0 128 61
p/object_162.jpg 1 0 0 128 61
p/object_161.jpg 1 0 0 128 61
p/object_160.jpg 1 0 0 128 61
p/object_159.jpg 1 0 0 128 61
p/object_158.jpg 1 0 0 128 61
p/object_157.jpg 1 0 0 128 61
p/object_156.jpg 1 0 0 128 61
p/object_155.jpg 1 0 0 128 61
p/object_154.jpg 1 0 0 128 61
p/object_153.jpg 1 0 0 128 61
p/object_152.jpg 1 0 0 128 61
p/object_151.jpg 1 0 0 128 61
p/object_150.jpg 1 0 0 128 61
p/object_149.jpg 1 0 0 128 61
p/object_148.jpg 1 0 0 128 61
p/object_147.jpg 1 0 0 128 61
p/object_146.jpg 1 0 0 128 61
p/object_145.jpg 1 0 0 128 61
p/object_144.jpg 1 0 0 128 61
p/object_143.jpg 1 0 0 128 61
p/object_142.jpg 1 0 0 128 61
p/object_141.jpg 1 0 0 128 61
p/object_140.jpg 1 0 0 128 61
p/object_139.jpg 1 0 0 128 61
p/object_138.jpg 1 0 0 128 61
p/object_137.jpg 1 0 0 128 61
p/object_136.jpg 1 0 0 128 61
p/object_135.jpg 1 0 0 128 61
p/object_134.jpg 1 0 0 128 61
p/object_133.jpg 1 0 0 128 61
p/object_132.jpg 1 0 0 128 61
p/object_131.jpg 1 0 0 128 61
p/object_130.jpg 1 0 0 128 61
p/object_129.jpg 1 0 0 128 61
p/object_128.jpg 1 0 0 128 61
p/object_127.jpg 1 0 0 128 61
p/object_126.jpg 1 0 0 128 61
p/object_125.jpg 1 0 0 128 61
p/object_124.jpg 1 0 0 128 61
p/object_123.jpg 1 0 0 128 61
p/object_122.jpg 1 0 0 128 61
p/object_121.jpg 1 0 0 128 61
p/object_120.jpg 1 0 0 128 61
p/object_119.jpg 1 0 0 128 61
p/object_118.jpg 1 0 0 128 61
p/object_117.jpg 1 0 0 128 61
p/object_116.jpg 1 0 0 128 61
p/object_115.jpg 1 0 0 128 61
p/object_114.jpg 1 0 0 128 61
p/object_113.jpg 1 0 0 128 61
p/object_112.jpg 1 0 0 128 61
p/object_111.jpg 1 0 0 128 61
p/object_110.jpg 1 0 0 128 61
p/object_109.jpg 1 0 0 128 61
p/object_108.jpg 1 0 0 128 61
p/object_107.jpg 1 0 0 128 61
p/object_106.jpg 1 0 0 128 61
p/object_105.jpg 1 0 0 128 61
p/object_104.jpg 1 0 0 128 61
p/object_103.jpg 1 0 0 128 61
p/object_102.jpg 1 0 0 128 61
p/object_101.jpg 1 0 0 128 61
p/object_100.jpg 1 0 0 128 61
p/object_99.jpg 1 0 0 128 61
p/object_98.jpg 1 0 0 128 61
p/object_97.jpg 1 0 0 128 61
p/object_96.jpg 1 0 0 128 61
p/object_95.jpg 1 0 0 128 61
p/object_94.jpg 1 0 0 128 61
p/object_93.jpg 1 0 0 128 61
p/object_92.jpg 1 0 0 128 61
p/object_91.jpg 1 0 0 128 61
p/object_90.jpg 1 0 0 128 61
p/object_89.jpg 1 0 0 128 61
p/object_88.jpg 1 0 0 128 61
p/object_87.jpg 1 0 0 128 61
p/object_86.jpg 1 0 0 128 61
p/object_85.jpg 1 0 0 128 61
p/object_84.jpg 1 0 0 128 61
p/object_83.jpg 1 0 0 128 61
p/object_82.jpg 1 0 0 128 61
p/object_81.jpg 1 0 0 128 61
p/object_80.jpg 1 0 0 128 61
p/object_79.jpg 1 0 0 128 61
p/object_78.jpg 1 0 0 128 61
p/object_77.jpg 1 0 0 128 61
p/object_76.jpg 1 0 0 128 61
p/object_75.jpg 1 0 0 128 61
p/object_74.jpg 1 0 0 128 61
p/object_73.jpg 1 0 0 128 61
p/object_72.jpg 1 0 0 128 61
p/object_71.jpg 1 0 0 128 61
p/object_70.jpg 1 0 0 128 61
p/object_69.jpg 1 0 0 128 61
p/object_68.jpg 1 0 0 128 61
p/object_67.jpg 1 0 0 128 61
p/object_66.jpg 1 0 0 128 61
p/object_65.jpg 1 0 0 128 61
p/object_64.jpg 1 0 0 128 61
p/object_63.jpg 1 0 0 128 61
p/object_62.jpg 1 0 0 128 61
p/object_61.jpg 1 0 0 128 61
p/object_60.jpg 1 0 0 128 61
p/object_59.jpg 1 0 0 128 61
p/object_58.jpg 1 0 0 128 61
p/object_57.jpg 1 0 0 128 61
p/object_56.jpg 1 0 0 128 61
p/object_55.jpg 1 0 0 128 61
p/object_54.jpg 1 0 0 128 61
p/object_53.jpg 1 0 0 128 61
p/object_52.jpg 1 0 0 128 61
p/object_51.jpg 1 0 0 128 61
p/object_50.jpg 1 0 0 128 61
p/object_49.jpg 1 0 0 128 61
p/object_48.jpg 1 0 0 128 61
p/object_47.jpg 1 0 0 128 61
p/object_46.jpg 1 0 0 128 61
p/object_45.jpg 1 0 0 128 61
p/object_44.jpg 1 0 0 128 61
p/object_43.jpg 1 0 0 128 61
p/object_42.jpg 1 0 0 128 61
p/object_41.jpg 1 0 0 128 61
p/object_40.jpg 1 0 0 128 61
p/object_39.jpg 1 0 0 128 61
p/object_38.jpg 1 0 0 128 61
p/object_37.jpg 1 0 0 128 61
p/object_36.jpg 1 0 0 128 61
p/object_35.jpg 1 0 0 128 61
p/object_34.jpg 1 0 0 128 61
p/object_33.jpg 1 0 0 128 61
p/object_32.jpg 1 0 0 128 61
p/object_31.jpg 1 0 0 128 61
p/object_30.jpg 1 0 0 128 61
p/object_29.jpg 1 0 0 128 61
p/object_28.jpg 1 0 0 128 61
p/object_27.jpg 1 0 0 128 61
p/object_26.jpg 1 0 0 128 61
p/object_25.jpg 1 0 0 128 61
p/object_24.jpg 1 0 0 128 61
p/object_23.jpg 1 0 0 128 61
p/object_22.jpg 1 0 0 128 61
p/object_21.jpg 1 0 0 128 61
p/object_20.jpg 1 0 0 128 61
p/object_19.jpg 1 0 0 128 61
p/object_18.jpg 1 0 0 128 61
p/object_17.jpg 1 0 0 128 61
p/object_16.jpg 1 0 0 128 61
p/object_15.jpg 1 0 0 128 61
p/object_14.jpg 1 0 0 128 61
p/object_13.jpg 1 0 0 128 61
p/object_12.jpg 1 0 0 128 61
p/object_11.jpg 1 0 0 128 61
p/object_10.jpg 1 0 0 128 61
p/object_9.jpg 1 0 0 128 61
p/object_8.jpg 1 0 0 128 61
p/object_7.jpg 1 0 0 128 61
p/object_6.jpg 1 0 0 128 61
p/object_5.jpg 1 0 0 128 61
p/object_4.jpg 1 0 0 128 61
p/object_3.jpg 1 0 0 128 61
p/object_2.jpg 1 0 0 128 61
p/object_1.jpg 1 0 0 128 61
p/object_0.jpg 1 0 0 128 61
p/V1object_50.jpg 1 0 0 128 61
p/V1object_49.jpg 1 0 0 128 61
p/V1object_48.jpg 1 0 0 128 61
p/V1object_47.jpg 1 0 0 128 61
p/V1object_46.jpg 1 0 0 128 61
p/V1object_45.jpg 1 0 0 128 61
p/V1object_44.jpg 1 0 0 128 61
p/V1object_17.jpg 1 0 0 128 61
p/V1object_43.jpg 1 0 0 128 61
p/V1object_42.jpg 1 0 0 128 61
p/V1object_41.jpg 1 0 0 128 61
p/V1object_40.jpg 1 0 0 128 61
p/V1object_39.jpg 1 0 0 128 61
p/V1object_38.jpg 1 0 0 128 61
p/V1object_37.jpg 1 0 0 128 61
p/V1object_36.jpg 1 0 0 128 61
p/V1object_35.jpg 1 0 0 128 61
p/V1object_34.jpg 1 0 0 128 61
p/V1object_33.jpg 1 0 0 128 61
p/V1object_32.jpg 1 0 0 128 61
p/V1object_31.jpg 1 0 0 128 61
p/V1object_30.jpg 1 0 0 128 61
p/V1object_29.jpg 1 0 0 128 61
p/V1object_28.jpg 1 0 0 128 61
p/V1object_27.jpg 1 0 0 128 61
p/V1object_26.jpg 1 0 0 128 61
p/V1object_25.jpg 1 0 0 128 61
p/V1object_24.jpg 1 0 0 128 61
p/V1object_23.jpg 1 0 0 128 61
p/V1object_22.jpg 1 0 0 128 61
p/V1object_21.jpg 1 0 0 128 61
p/V1object_20.jpg 1 0 0 128 61
p/V1object_19.jpg 1 0 0 128 61
p/V1object_18.jpg 1 0 0 128 61
p/V1object_16.jpg 1 0 0 128 61
p/V1object_15.jpg 1 0 0 128 61
p/V1object_14.jpg 1 0 0 128 61
p/V1object_13.jpg 1 0 0 128 61
p/V1object_12.jpg 1 0 0 128 61
p/V1object_11.jpg 1 0 0 128 61
p/V1object_10.jpg 1 0 0 128 61
p/V1object_9.jpg 1 0 0 128 61
p/V1object_8.jpg 1 0 0 128 61
p/V1object_7.jpg 1 0 0 128 61
p/V1object_6.jpg 1 0 0 128 61
p/V1object_5.jpg 1 0 0 128 61
p/V1object_4.jpg 1 0 0 128 61
p/V1object_3.jpg 1 0 0 128 61
p/V1object_2.jpg 1 0 0 128 61
p/V1object_1.jpg 1 0 0 128 61
p/V1object_0.jpg 1 0 0 128 61